05-28 17:46:04 com_github_MitjaNemec_PlaceFootprints.action_place_footprints 674:Plugin executed on: 'win32'
05-28 17:46:04 com_github_MitjaNemec_PlaceFootprints.action_place_footprints 675:Plugin executed with python version: '3.11.5 (main, Jan 27 2025, 07:08:36) [MSC v.1942 64 bit (AMD64)]'
05-28 17:46:04 com_github_MitjaNemec_PlaceFootprints.action_place_footprints 676:KiCad build version: 9.0.0
05-28 17:46:04 com_github_MitjaNemec_PlaceFootprints.action_place_footprints 677:Plugin version: 4.0.1
05-28 17:46:04 com_github_MitjaNemec_PlaceFootprints.action_place_footprints 678:Frame repr: <wx._core.Frame object at 0x000001C3132A2290>
05-28 17:46:04 com_github_MitjaNemec_PlaceFootprints.place_footprints 121:getting a list of all footprints on board
05-28 17:46:04 com_github_MitjaNemec_PlaceFootprints.place_footprints 156:Footprint D1 on root level
05-28 17:46:04 com_github_MitjaNemec_PlaceFootprints.place_footprints 156:Footprint D4 on root level
05-28 17:46:04 com_github_MitjaNemec_PlaceFootprints.place_footprints 156:Footprint D7 on root level
05-28 17:46:04 com_github_MitjaNemec_PlaceFootprints.place_footprints 156:Footprint D10 on root level
05-28 17:46:04 com_github_MitjaNemec_PlaceFootprints.place_footprints 156:Footprint D11 on root level
05-28 17:46:04 com_github_MitjaNemec_PlaceFootprints.place_footprints 156:Footprint D15 on root level
05-28 17:46:04 com_github_MitjaNemec_PlaceFootprints.place_footprints 156:Footprint D5 on root level
05-28 17:46:04 com_github_MitjaNemec_PlaceFootprints.place_footprints 156:Footprint D2 on root level
05-28 17:46:04 com_github_MitjaNemec_PlaceFootprints.place_footprints 156:Footprint D3 on root level
05-28 17:46:04 com_github_MitjaNemec_PlaceFootprints.place_footprints 156:Footprint D6 on root level
05-28 17:46:04 com_github_MitjaNemec_PlaceFootprints.place_footprints 156:Footprint D8 on root level
05-28 17:46:04 com_github_MitjaNemec_PlaceFootprints.place_footprints 156:Footprint D9 on root level
05-28 17:46:04 com_github_MitjaNemec_PlaceFootprints.place_footprints 156:Footprint D12 on root level
05-28 17:46:04 com_github_MitjaNemec_PlaceFootprints.place_footprints 156:Footprint D13 on root level
05-28 17:46:04 com_github_MitjaNemec_PlaceFootprints.place_footprints 156:Footprint D14 on root level
05-28 17:46:04 com_github_MitjaNemec_PlaceFootprints.place_footprints 156:Footprint D17 on root level
05-28 17:46:04 com_github_MitjaNemec_PlaceFootprints.place_footprints 156:Footprint D27 on root level
05-28 17:46:04 com_github_MitjaNemec_PlaceFootprints.place_footprints 156:Footprint D19 on root level
05-28 17:46:04 com_github_MitjaNemec_PlaceFootprints.place_footprints 156:Footprint D20 on root level
05-28 17:46:04 com_github_MitjaNemec_PlaceFootprints.place_footprints 156:Footprint D21 on root level
05-28 17:46:04 com_github_MitjaNemec_PlaceFootprints.place_footprints 156:Footprint D18 on root level
05-28 17:46:04 com_github_MitjaNemec_PlaceFootprints.place_footprints 156:Footprint D22 on root level
05-28 17:46:04 com_github_MitjaNemec_PlaceFootprints.place_footprints 156:Footprint D23 on root level
05-28 17:46:04 com_github_MitjaNemec_PlaceFootprints.place_footprints 156:Footprint D24 on root level
05-28 17:46:04 com_github_MitjaNemec_PlaceFootprints.place_footprints 156:Footprint D25 on root level
05-28 17:46:04 com_github_MitjaNemec_PlaceFootprints.place_footprints 156:Footprint D16 on root level
05-28 17:46:04 com_github_MitjaNemec_PlaceFootprints.place_footprints 156:Footprint D26 on root level
05-28 17:46:04 com_github_MitjaNemec_PlaceFootprints.place_footprints 156:Footprint J1 on root level
05-28 17:46:04 com_github_MitjaNemec_PlaceFootprints.place_footprints 156:Footprint J2 on root level
05-28 17:46:04 com_github_MitjaNemec_PlaceFootprints.action_place_footprints 717:Reference footprint='D1'
05-28 17:46:05 com_github_MitjaNemec_PlaceFootprints.action_place_footprints 858:Reference designator is: D
05-28 17:46:05 com_github_MitjaNemec_PlaceFootprints.action_place_footprints 859:Reference number is: 1
05-28 17:46:05 com_github_MitjaNemec_PlaceFootprints.action_place_footprints 891:Sorted and filtered list:
['D1', 'D2', 'D3', 'D4', 'D5', 'D6', 'D7', 'D8', 'D9', 'D10', 'D11', 'D12', 'D13', 'D14', 'D15', 'D16', 'D17', 'D18', 'D19', 'D20', 'D21', 'D22', 'D23', 'D24', 'D25', 'D26', 'D27']
05-28 17:46:05 com_github_MitjaNemec_PlaceFootprints.action_place_footprints 376:wx.Colour(240, 240, 240, 255)
05-28 17:46:07 com_github_MitjaNemec_PlaceFootprints.action_place_footprints 507:'90'
05-28 17:46:07 com_github_MitjaNemec_PlaceFootprints.action_place_footprints 559:Preparing config for reference circular
05-28 17:46:07 com_github_MitjaNemec_PlaceFootprints.action_place_footprints 573:Saving config file
05-28 17:46:07 com_github_MitjaNemec_PlaceFootprints.action_place_footprints 575:Saved the config file
05-28 17:46:07 com_github_MitjaNemec_PlaceFootprints.action_place_footprints 929:Footprints to place:
['D1', 'D2', 'D3', 'D4', 'D5', 'D6', 'D7', 'D8', 'D9', 'D10', 'D11', 'D12', 'D13', 'D14', 'D15', 'D16', 'D17', 'D18', 'D19', 'D20', 'D21', 'D22', 'D23', 'D24', 'D25', 'D26', 'D27']
05-28 17:46:07 com_github_MitjaNemec_PlaceFootprints.place_footprints 359:Starting placing with circular layout
05-28 17:46:07 com_github_MitjaNemec_PlaceFootprints.place_footprints 369:reference footprint position at: VECTOR2I(0, -90000000)
05-28 17:46:07 com_github_MitjaNemec_PlaceFootprints.place_footprints 374:rotation center at: (0, 0.0)
05-28 17:46:07 com_github_MitjaNemec_PlaceFootprints.place_footprints 506:Text of: D1 has property "Keep upright" rotation might not look as intended
05-28 17:46:07 com_github_MitjaNemec_PlaceFootprints.place_footprints 506:Text of: D1 has property "Keep upright" rotation might not look as intended
05-28 17:46:07 com_github_MitjaNemec_PlaceFootprints.place_footprints 506:Text of: D1 has property "Keep upright" rotation might not look as intended
05-28 17:46:07 com_github_MitjaNemec_PlaceFootprints.place_footprints 506:Text of: D1 has property "Keep upright" rotation might not look as intended
05-28 17:46:07 com_github_MitjaNemec_PlaceFootprints.place_footprints 506:Text of: D1 has property "Keep upright" rotation might not look as intended
05-28 17:46:07 com_github_MitjaNemec_PlaceFootprints.place_footprints 506:Text of: D1 has property "Keep upright" rotation might not look as intended
05-28 17:46:07 com_github_MitjaNemec_PlaceFootprints.place_footprints 506:Text of: D1 has property "Keep upright" rotation might not look as intended
05-28 17:46:07 com_github_MitjaNemec_PlaceFootprints.place_footprints 506:Text of: D1 has property "Keep upright" rotation might not look as intended
05-28 17:46:07 com_github_MitjaNemec_PlaceFootprints.place_footprints 506:Text of: D1 has property "Keep upright" rotation might not look as intended
05-28 17:46:07 com_github_MitjaNemec_PlaceFootprints.place_footprints 506:Text of: D1 has property "Keep upright" rotation might not look as intended
05-28 17:46:07 com_github_MitjaNemec_PlaceFootprints.place_footprints 506:Text of: D1 has property "Keep upright" rotation might not look as intended
05-28 17:46:07 com_github_MitjaNemec_PlaceFootprints.place_footprints 506:Text of: D1 has property "Keep upright" rotation might not look as intended
05-28 17:46:07 com_github_MitjaNemec_PlaceFootprints.place_footprints 506:Text of: D1 has property "Keep upright" rotation might not look as intended
05-28 17:46:07 com_github_MitjaNemec_PlaceFootprints.place_footprints 506:Text of: D1 has property "Keep upright" rotation might not look as intended
05-28 17:46:07 com_github_MitjaNemec_PlaceFootprints.place_footprints 506:Text of: D1 has property "Keep upright" rotation might not look as intended
05-28 17:46:07 com_github_MitjaNemec_PlaceFootprints.place_footprints 506:Text of: D1 has property "Keep upright" rotation might not look as intended
05-28 17:46:07 com_github_MitjaNemec_PlaceFootprints.place_footprints 506:Text of: D1 has property "Keep upright" rotation might not look as intended
05-28 17:46:07 com_github_MitjaNemec_PlaceFootprints.place_footprints 506:Text of: D1 has property "Keep upright" rotation might not look as intended
05-28 17:46:07 com_github_MitjaNemec_PlaceFootprints.place_footprints 506:Text of: D1 has property "Keep upright" rotation might not look as intended
05-28 17:46:07 com_github_MitjaNemec_PlaceFootprints.place_footprints 506:Text of: D1 has property "Keep upright" rotation might not look as intended
05-28 17:46:07 com_github_MitjaNemec_PlaceFootprints.place_footprints 506:Text of: D1 has property "Keep upright" rotation might not look as intended
05-28 17:46:07 com_github_MitjaNemec_PlaceFootprints.place_footprints 506:Text of: D1 has property "Keep upright" rotation might not look as intended
05-28 17:46:07 com_github_MitjaNemec_PlaceFootprints.place_footprints 506:Text of: D1 has property "Keep upright" rotation might not look as intended
05-28 17:46:07 com_github_MitjaNemec_PlaceFootprints.place_footprints 506:Text of: D1 has property "Keep upright" rotation might not look as intended
05-28 17:46:07 com_github_MitjaNemec_PlaceFootprints.place_footprints 506:Text of: D1 has property "Keep upright" rotation might not look as intended
05-28 17:46:07 com_github_MitjaNemec_PlaceFootprints.place_footprints 506:Text of: D1 has property "Keep upright" rotation might not look as intended
05-28 17:46:07 com_github_MitjaNemec_PlaceFootprints.place_footprints 506:Text of: D1 has property "Keep upright" rotation might not look as intended
05-28 17:46:07 com_github_MitjaNemec_PlaceFootprints.place_footprints 506:Text of: D1 has property "Keep upright" rotation might not look as intended
05-28 17:46:07 com_github_MitjaNemec_PlaceFootprints.place_footprints 506:Text of: D1 has property "Keep upright" rotation might not look as intended
05-28 17:46:07 com_github_MitjaNemec_PlaceFootprints.place_footprints 506:Text of: D1 has property "Keep upright" rotation might not look as intended
05-28 17:46:07 com_github_MitjaNemec_PlaceFootprints.place_footprints 506:Text of: D1 has property "Keep upright" rotation might not look as intended
05-28 17:46:07 com_github_MitjaNemec_PlaceFootprints.place_footprints 506:Text of: D1 has property "Keep upright" rotation might not look as intended
05-28 17:46:07 com_github_MitjaNemec_PlaceFootprints.place_footprints 506:Text of: D1 has property "Keep upright" rotation might not look as intended
05-28 17:46:07 com_github_MitjaNemec_PlaceFootprints.place_footprints 506:Text of: D1 has property "Keep upright" rotation might not look as intended
05-28 17:46:07 com_github_MitjaNemec_PlaceFootprints.place_footprints 506:Text of: D1 has property "Keep upright" rotation might not look as intended
05-28 17:46:07 com_github_MitjaNemec_PlaceFootprints.place_footprints 506:Text of: D1 has property "Keep upright" rotation might not look as intended
05-28 17:46:07 com_github_MitjaNemec_PlaceFootprints.place_footprints 506:Text of: D1 has property "Keep upright" rotation might not look as intended
05-28 17:46:07 com_github_MitjaNemec_PlaceFootprints.place_footprints 506:Text of: D1 has property "Keep upright" rotation might not look as intended
05-28 17:46:07 com_github_MitjaNemec_PlaceFootprints.place_footprints 506:Text of: D1 has property "Keep upright" rotation might not look as intended
05-28 17:46:07 com_github_MitjaNemec_PlaceFootprints.place_footprints 506:Text of: D1 has property "Keep upright" rotation might not look as intended
05-28 17:46:07 com_github_MitjaNemec_PlaceFootprints.place_footprints 506:Text of: D1 has property "Keep upright" rotation might not look as intended
05-28 17:46:07 com_github_MitjaNemec_PlaceFootprints.place_footprints 506:Text of: D1 has property "Keep upright" rotation might not look as intended
05-28 17:46:07 com_github_MitjaNemec_PlaceFootprints.place_footprints 506:Text of: D1 has property "Keep upright" rotation might not look as intended
05-28 17:46:07 com_github_MitjaNemec_PlaceFootprints.place_footprints 506:Text of: D1 has property "Keep upright" rotation might not look as intended
05-28 17:46:07 com_github_MitjaNemec_PlaceFootprints.place_footprints 506:Text of: D1 has property "Keep upright" rotation might not look as intended
05-28 17:46:07 com_github_MitjaNemec_PlaceFootprints.place_footprints 506:Text of: D1 has property "Keep upright" rotation might not look as intended
05-28 17:46:07 com_github_MitjaNemec_PlaceFootprints.place_footprints 506:Text of: D1 has property "Keep upright" rotation might not look as intended
05-28 17:46:07 com_github_MitjaNemec_PlaceFootprints.place_footprints 506:Text of: D1 has property "Keep upright" rotation might not look as intended
05-28 17:46:07 com_github_MitjaNemec_PlaceFootprints.place_footprints 506:Text of: D1 has property "Keep upright" rotation might not look as intended
05-28 17:46:07 com_github_MitjaNemec_PlaceFootprints.place_footprints 506:Text of: D1 has property "Keep upright" rotation might not look as intended
05-28 17:46:07 com_github_MitjaNemec_PlaceFootprints.place_footprints 506:Text of: D1 has property "Keep upright" rotation might not look as intended
05-28 17:46:07 com_github_MitjaNemec_PlaceFootprints.place_footprints 506:Text of: D1 has property "Keep upright" rotation might not look as intended
05-28 17:46:07 com_github_MitjaNemec_PlaceFootprints.place_footprints 506:Text of: D1 has property "Keep upright" rotation might not look as intended
05-28 17:46:07 com_github_MitjaNemec_PlaceFootprints.place_footprints 506:Text of: D1 has property "Keep upright" rotation might not look as intended
05-28 17:46:07 com_github_MitjaNemec_PlaceFootprints.place_footprints 506:Text of: D1 has property "Keep upright" rotation might not look as intended
05-28 17:46:07 com_github_MitjaNemec_PlaceFootprints.place_footprints 506:Text of: D1 has property "Keep upright" rotation might not look as intended
05-28 17:46:07 com_github_MitjaNemec_PlaceFootprints.place_footprints 506:Text of: D1 has property "Keep upright" rotation might not look as intended
05-28 17:46:07 com_github_MitjaNemec_PlaceFootprints.place_footprints 506:Text of: D1 has property "Keep upright" rotation might not look as intended
05-28 17:46:07 com_github_MitjaNemec_PlaceFootprints.place_footprints 506:Text of: D1 has property "Keep upright" rotation might not look as intended
05-28 17:46:07 com_github_MitjaNemec_PlaceFootprints.place_footprints 506:Text of: D1 has property "Keep upright" rotation might not look as intended
05-28 17:46:07 com_github_MitjaNemec_PlaceFootprints.place_footprints 506:Text of: D1 has property "Keep upright" rotation might not look as intended
05-28 17:46:07 com_github_MitjaNemec_PlaceFootprints.place_footprints 506:Text of: D1 has property "Keep upright" rotation might not look as intended
05-28 17:46:07 com_github_MitjaNemec_PlaceFootprints.place_footprints 506:Text of: D1 has property "Keep upright" rotation might not look as intended
05-28 17:46:07 com_github_MitjaNemec_PlaceFootprints.place_footprints 506:Text of: D1 has property "Keep upright" rotation might not look as intended
05-28 17:46:07 com_github_MitjaNemec_PlaceFootprints.place_footprints 506:Text of: D1 has property "Keep upright" rotation might not look as intended
05-28 17:46:07 com_github_MitjaNemec_PlaceFootprints.place_footprints 506:Text of: D1 has property "Keep upright" rotation might not look as intended
05-28 17:46:07 com_github_MitjaNemec_PlaceFootprints.place_footprints 506:Text of: D1 has property "Keep upright" rotation might not look as intended
05-28 17:46:07 com_github_MitjaNemec_PlaceFootprints.place_footprints 506:Text of: D1 has property "Keep upright" rotation might not look as intended
05-28 17:46:07 com_github_MitjaNemec_PlaceFootprints.place_footprints 506:Text of: D1 has property "Keep upright" rotation might not look as intended
05-28 17:46:07 com_github_MitjaNemec_PlaceFootprints.place_footprints 506:Text of: D1 has property "Keep upright" rotation might not look as intended
05-28 17:46:07 com_github_MitjaNemec_PlaceFootprints.place_footprints 506:Text of: D1 has property "Keep upright" rotation might not look as intended
05-28 17:46:07 com_github_MitjaNemec_PlaceFootprints.place_footprints 506:Text of: D1 has property "Keep upright" rotation might not look as intended
05-28 17:46:07 com_github_MitjaNemec_PlaceFootprints.place_footprints 506:Text of: D1 has property "Keep upright" rotation might not look as intended
05-28 17:46:07 com_github_MitjaNemec_PlaceFootprints.place_footprints 506:Text of: D1 has property "Keep upright" rotation might not look as intended
05-28 17:46:07 com_github_MitjaNemec_PlaceFootprints.place_footprints 506:Text of: D1 has property "Keep upright" rotation might not look as intended
05-28 17:46:07 com_github_MitjaNemec_PlaceFootprints.place_footprints 506:Text of: D1 has property "Keep upright" rotation might not look as intended
05-28 17:46:07 com_github_MitjaNemec_PlaceFootprints.place_footprints 506:Text of: D1 has property "Keep upright" rotation might not look as intended
05-28 17:46:07 com_github_MitjaNemec_PlaceFootprints.place_footprints 506:Text of: D1 has property "Keep upright" rotation might not look as intended
05-28 17:46:07 com_github_MitjaNemec_PlaceFootprints.action_place_footprints 944:Placing complete
